<?xml version="1.0" encoding="UTF-8"?>
<testng-results skipped="0" failed="0" ignored="3" total="4" passed="1">
  <reporter-output>
  </reporter-output>
  <suite name="Gradle suite" duration-ms="43958" started-at="2020-02-11T18:34:03Z" finished-at="2020-02-11T18:34:47Z">
    <groups>
      <group name="tc2">
        <method signature="TestCase2.testCase2()[pri:0, instance:testCases.TestCase2@3e5e00c4]" name="testCase2" class="testCases.TestCase2"/>
      </group> <!-- tc2 -->
    </groups>
    <test name="Gradle test" duration-ms="43958" started-at="2020-02-11T18:34:03Z" finished-at="2020-02-11T18:34:47Z">
      <class name="testCases.TestCase1">
        <test-method status="PASS" signature="initializeDataProperty()[pri:0, instance:testCases.TestCase1@4746b61a]" name="initializeDataProperty" is-config="true" duration-ms="8" started-at="2020-02-11T18:34:03Z" finished-at="2020-02-11T18:34:03Z">
          <reporter-output>
          </reporter-output>
        </test-method> <!-- initializeDataProperty -->
        <test-method status="PASS" signature="clearExtentTest()[pri:0, instance:testCases.TestCase1@4746b61a]" name="clearExtentTest" is-config="true" duration-ms="1069" started-at="2020-02-11T18:34:47Z" finished-at="2020-02-11T18:34:48Z">
          <reporter-output>
          </reporter-output>
        </test-method> <!-- clearExtentTest -->
      </class> <!-- testCases.TestCase1 -->
      <class name="testCases.TestCase2">
        <test-method status="PASS" signature="initializeData()[pri:0, instance:testCases.TestCase2@3e5e00c4]" name="initializeData" is-config="true" duration-ms="15310" started-at="2020-02-11T18:34:03Z" finished-at="2020-02-11T18:34:18Z">
          <reporter-output>
          </reporter-output>
        </test-method> <!-- initializeData -->
        <test-method status="PASS" signature="testCase2()[pri:0, instance:testCases.TestCase2@3e5e00c4]" name="testCase2" duration-ms="27969" started-at="2020-02-11T18:34:18Z" finished-at="2020-02-11T18:34:46Z">
          <reporter-output>
          </reporter-output>
        </test-method> <!-- testCase2 -->
        <test-method status="PASS" signature="publishResults(org.testng.ITestResult)[pri:0, instance:testCases.TestCase2@3e5e00c4]" name="publishResults" is-config="true" duration-ms="664" started-at="2020-02-11T18:34:46Z" finished-at="2020-02-11T18:34:47Z">
          <params>
            <param index="0">
              <value>
                <![CDATA[[TestResult name=testCase2 status=SUCCESS method=TestCase2.testCase2()[pri:0, instance:testCases.TestCase2@3e5e00c4] output={null}]]]>
              </value>
            </param>
          </params>
          <reporter-output>
          </reporter-output>
        </test-method> <!-- publishResults -->
      </class> <!-- testCases.TestCase2 -->
    </test> <!-- Gradle test -->
  </suite> <!-- Gradle suite -->
</testng-results>
